TGS02 120.318 23.5877 
TGS05 120.647 23.4058
TGS04 120.554 23.4657 
TGS03 120.421 23.5557 
TGS01 120.193 23.7025 
TGS06 120.917 23.2782 
TGS07 121.081 23.1427 
TGS10 120.479 23.5662 
TGS08 121.229 23.0877 
TGS09 121.315 23.0038 
TGC04 120.674 23.8215 
TGC01 120.359 23.891 
TGC03 120.567 23.8207
TGC02 120.492 23.8137 
TGC05 120.744 23.8057 
TGC06 120.846 23.7798 
TGC10 121.345 23.7537 
TGC12 121.482 23.6853 
TGC11 121.387 23.7123 
TGC08 121.141 23.7537 
TGC09 121.233 23.7547 
TGC07 121.065 23.7567 
TGN06 121.411 24.5913 
TGN17 121.427 24.4884 
TGN13 121.676 24.5779 
TGN02 121.048 24.826 
TGN01 120.978 24.8466 
TGN03 121.123 24.7771 
TGN12 121.574 24.6378 
TGN05 121.269 24.714 
TGN09 121.75 24.4275 
TGN04 121.2 24.76 
TGN08 121.61 24.5098 
TGN22 121.302 24.6614 
TGC2 120.471 23.8321 
